2020-05-26 22:44:59,211 1      [           main] INFO         com.mchange.v2.log.MLog  - MLog clients using log4j logging.
2020-05-26 22:44:59,859 649    [           main] INFO  m.mchange.v2.c3p0.C3P0Registry  - Initializing c3p0-0.9.1.2 [built 21-May-2007 15:04:56; debug? true; trace: 10]
2020-05-26 22:44:59,878 668    [           main] DEBUG icPooledDataSourceManagerMBean  - MBean: com.mchange.v2.c3p0:type=PooledDataSource[1hge136aamliosroo0iyh|13af739] registered.
2020-05-26 22:46:05,646 0      [           main] INFO         com.mchange.v2.log.MLog  - MLog clients using log4j logging.
2020-05-26 22:46:06,191 545    [           main] INFO  m.mchange.v2.c3p0.C3P0Registry  - Initializing c3p0-0.9.1.2 [built 21-May-2007 15:04:56; debug? true; trace: 10]
2020-05-26 22:46:06,209 563    [           main] DEBUG icPooledDataSourceManagerMBean  - MBean: com.mchange.v2.c3p0:type=PooledDataSource[1hge136aamlk41t11bbcvy|13af739] registered.
2020-05-26 22:46:06,351 705    [           main] DEBUG resourcepool.BasicResourcePool  - incremented pending_acquires: 1
2020-05-26 22:46:06,351 705    [           main] DEBUG resourcepool.BasicResourcePool  - incremented pending_acquires: 2
2020-05-26 22:46:06,351 705    [           main] DEBUG resourcepool.BasicResourcePool  - incremented pending_acquires: 3
2020-05-26 22:46:06,351 705    [           main] DEBUG resourcepool.BasicResourcePool  - com.mchange.v2.resourcepool.BasicResourcePool@1177a4b config: [start -> 3; min -> 3; max -> 15; inc -> 3; num_acq_attempts -> 30; acq_attempt_delay -> 1000; check_idle_resources_delay -> 0; mox_resource_age -> 0; max_idle_time -> 0; excess_max_idle_time -> 0; destroy_unreturned_resc_time -> 0; expiration_enforcement_delay -> 0; break_on_acquisition_failure -> false; debug_store_checkout_exceptions -> false]
2020-05-26 22:46:06,352 706    [           main] INFO  l.AbstractPoolBackedDataSource  - Initializing c3p0 pool... com.mchange.v2.c3p0.ComboPooledDataSource [ acquireIncrement -> 3, acquireRetryAttempts -> 30, acquireRetryDelay -> 1000, autoCommitOnClose -> false, automaticTestTable -> null, breakAfterAcquireFailure -> false, checkoutTimeout -> 0, connectionCustomizerClassName -> null, connectionTesterClassName -> com.mchange.v2.c3p0.impl.DefaultConnectionTester, dataSourceName -> 1hge136aamlk41t11bbcvy|13af739, debugUnreturnedConnectionStackTraces -> false, description -> null, driverClass -> com.mysql.jdbc.Driver, factoryClassLocation -> null, forceIgnoreUnresolvedTransactions -> false, identityToken -> 1hge136aamlk41t11bbcvy|13af739, idleConnectionTestPeriod -> 0, initialPoolSize -> 3, jdbcUrl -> jdbc:mysql://localhost:3306/tasklist, maxAdministrativeTaskTime -> 0, maxConnectionAge -> 0, maxIdleTime -> 0, maxIdleTimeExcessConnections -> 0, maxPoolSize -> 15, maxStatements -> 0, maxStatementsPerConnection -> 0, minPoolSize -> 3, numHelperThreads -> 3, numThreadsAwaitingCheckoutDefaultUser -> 0, preferredTestQuery -> null, properties -> {user=******, password=******}, propertyCycle -> 0, testConnectionOnCheckin -> false, testConnectionOnCheckout -> false, unreturnedConnectionTimeout -> 0, usesTraditionalReflectiveProxies -> false ]
2020-05-26 22:46:06,352 706    [           main] DEBUG resourcepool.BasicResourcePool  - acquire test -- pool size: 0; target_pool_size: 3; desired target? 1
2020-05-26 22:46:06,352 706    [           main] DEBUG resourcepool.BasicResourcePool  - awaitAvailable(): [unknown]
2020-05-26 22:46:06,352 706    [           main] DEBUG resourcepool.BasicResourcePool  - trace com.mchange.v2.resourcepool.BasicResourcePool@1177a4b [managed: 0, unused: 0, excluded: 0]
2020-05-26 22:46:06,591 945    [r$PoolThread-#1] DEBUG .impl.C3P0PooledConnectionPool  - com.mchange.v2.c3p0.impl.C3P0PooledConnectionPool$1PooledConnectionResourcePoolManager@902223.acquireResource() returning. 
2020-05-26 22:46:06,591 945    [r$PoolThread-#2] DEBUG .impl.C3P0PooledConnectionPool  - com.mchange.v2.c3p0.impl.C3P0PooledConnectionPool$1PooledConnectionResourcePoolManager@902223.acquireResource() returning. 
2020-05-26 22:46:06,591 945    [r$PoolThread-#0] DEBUG .impl.C3P0PooledConnectionPool  - com.mchange.v2.c3p0.impl.C3P0PooledConnectionPool$1PooledConnectionResourcePoolManager@902223.acquireResource() returning. 
2020-05-26 22:46:06,591 945    [r$PoolThread-#1] DEBUG resourcepool.BasicResourcePool  - trace com.mchange.v2.resourcepool.BasicResourcePool@1177a4b [managed: 1, unused: 1, excluded: 0]
2020-05-26 22:46:06,591 945    [r$PoolThread-#0] DEBUG resourcepool.BasicResourcePool  - trace com.mchange.v2.resourcepool.BasicResourcePool@1177a4b [managed: 2, unused: 1, excluded: 0] (e.g. com.mchange.v2.c3p0.impl.NewPooledConnection@1f0aaba)
2020-05-26 22:46:06,591 945    [r$PoolThread-#2] DEBUG resourcepool.BasicResourcePool  - trace com.mchange.v2.resourcepool.BasicResourcePool@1177a4b [managed: 3, unused: 2, excluded: 0] (e.g. com.mchange.v2.c3p0.impl.NewPooledConnection@1f0aaba)
2020-05-26 22:46:06,591 945    [r$PoolThread-#2] DEBUG resourcepool.BasicResourcePool  - decremented pending_acquires: 2
2020-05-26 22:46:06,591 945    [r$PoolThread-#0] DEBUG resourcepool.BasicResourcePool  - decremented pending_acquires: 1
2020-05-26 22:46:06,592 946    [           main] DEBUG resourcepool.BasicResourcePool  - trace com.mchange.v2.resourcepool.BasicResourcePool@1177a4b [managed: 3, unused: 2, excluded: 0] (e.g. com.mchange.v2.c3p0.impl.NewPooledConnection@1f0aaba)
2020-05-26 22:46:06,592 946    [r$PoolThread-#1] DEBUG resourcepool.BasicResourcePool  - decremented pending_acquires: 0
2020-05-26 22:46:06,625 979    [           main] DEBUG resourcepool.BasicResourcePool  - trace com.mchange.v2.resourcepool.BasicResourcePool@1177a4b [managed: 3, unused: 2, excluded: 0] (e.g. com.mchange.v2.c3p0.impl.NewPooledConnection@1f0aaba)
2020-05-26 22:47:25,025 0      [           main] INFO         com.mchange.v2.log.MLog  - MLog clients using log4j logging.
2020-05-26 22:47:25,563 538    [           main] INFO  m.mchange.v2.c3p0.C3P0Registry  - Initializing c3p0-0.9.1.2 [built 21-May-2007 15:04:56; debug? true; trace: 10]
2020-05-26 22:47:25,581 556    [           main] DEBUG icPooledDataSourceManagerMBean  - MBean: com.mchange.v2.c3p0:type=PooledDataSource[1hge136aamlltaq174x9l|22d9d] registered.
