2020-06-01 23:21:32,193 0      [           main] INFO         com.mchange.v2.log.MLog  - MLog clients using log4j logging.
2020-06-01 23:21:32,731 538    [           main] INFO  m.mchange.v2.c3p0.C3P0Registry  - Initializing c3p0-0.9.1.2 [built 21-May-2007 15:04:56; debug? true; trace: 10]
2020-06-01 23:21:32,749 556    [           main] DEBUG icPooledDataSourceManagerMBean  - MBean: com.mchange.v2.c3p0:type=PooledDataSource[1hge13baav7gswle31exo|13d61fb] registered.
2020-06-01 23:21:32,865 672    [           main] DEBUG resourcepool.BasicResourcePool  - incremented pending_acquires: 1
2020-06-01 23:21:32,865 672    [           main] DEBUG resourcepool.BasicResourcePool  - incremented pending_acquires: 2
2020-06-01 23:21:32,865 672    [           main] DEBUG resourcepool.BasicResourcePool  - incremented pending_acquires: 3
2020-06-01 23:21:32,866 673    [           main] DEBUG resourcepool.BasicResourcePool  - com.mchange.v2.resourcepool.BasicResourcePool@1399530 config: [start -> 3; min -> 3; max -> 15; inc -> 3; num_acq_attempts -> 30; acq_attempt_delay -> 1000; check_idle_resources_delay -> 0; mox_resource_age -> 0; max_idle_time -> 0; excess_max_idle_time -> 0; destroy_unreturned_resc_time -> 0; expiration_enforcement_delay -> 0; break_on_acquisition_failure -> false; debug_store_checkout_exceptions -> false]
2020-06-01 23:21:32,866 673    [           main] INFO  l.AbstractPoolBackedDataSource  - Initializing c3p0 pool... com.mchange.v2.c3p0.ComboPooledDataSource [ acquireIncrement -> 3, acquireRetryAttempts -> 30, acquireRetryDelay -> 1000, autoCommitOnClose -> false, automaticTestTable -> null, breakAfterAcquireFailure -> false, checkoutTimeout -> 0, connectionCustomizerClassName -> null, connectionTesterClassName -> com.mchange.v2.c3p0.impl.DefaultConnectionTester, dataSourceName -> 1hge13baav7gswle31exo|13d61fb, debugUnreturnedConnectionStackTraces -> false, description -> null, driverClass -> com.mysql.jdbc.Driver, factoryClassLocation -> null, forceIgnoreUnresolvedTransactions -> false, identityToken -> 1hge13baav7gswle31exo|13d61fb, idleConnectionTestPeriod -> 0, initialPoolSize -> 3, jdbcUrl -> jdbc:mysql://localhost:3306/tasklist, maxAdministrativeTaskTime -> 0, maxConnectionAge -> 0, maxIdleTime -> 0, maxIdleTimeExcessConnections -> 0, maxPoolSize -> 15, maxStatements -> 0, maxStatementsPerConnection -> 0, minPoolSize -> 3, numHelperThreads -> 3, numThreadsAwaitingCheckoutDefaultUser -> 0, preferredTestQuery -> null, properties -> {user=******, password=******}, propertyCycle -> 0, testConnectionOnCheckin -> false, testConnectionOnCheckout -> false, unreturnedConnectionTimeout -> 0, usesTraditionalReflectiveProxies -> false ]
2020-06-01 23:21:32,866 673    [           main] DEBUG resourcepool.BasicResourcePool  - acquire test -- pool size: 0; target_pool_size: 3; desired target? 1
2020-06-01 23:21:32,866 673    [           main] DEBUG resourcepool.BasicResourcePool  - awaitAvailable(): [unknown]
2020-06-01 23:21:32,866 673    [           main] DEBUG resourcepool.BasicResourcePool  - trace com.mchange.v2.resourcepool.BasicResourcePool@1399530 [managed: 0, unused: 0, excluded: 0]
2020-06-01 23:21:33,181 988    [r$PoolThread-#2] DEBUG .impl.C3P0PooledConnectionPool  - com.mchange.v2.c3p0.impl.C3P0PooledConnectionPool$1PooledConnectionResourcePoolManager@1c8422a.acquireResource() returning. 
2020-06-01 23:21:33,181 988    [r$PoolThread-#1] DEBUG .impl.C3P0PooledConnectionPool  - com.mchange.v2.c3p0.impl.C3P0PooledConnectionPool$1PooledConnectionResourcePoolManager@1c8422a.acquireResource() returning. 
2020-06-01 23:21:33,181 988    [r$PoolThread-#0] DEBUG .impl.C3P0PooledConnectionPool  - com.mchange.v2.c3p0.impl.C3P0PooledConnectionPool$1PooledConnectionResourcePoolManager@1c8422a.acquireResource() returning. 
2020-06-01 23:21:33,182 989    [r$PoolThread-#2] DEBUG resourcepool.BasicResourcePool  - trace com.mchange.v2.resourcepool.BasicResourcePool@1399530 [managed: 1, unused: 1, excluded: 0]
2020-06-01 23:21:33,182 989    [r$PoolThread-#0] DEBUG resourcepool.BasicResourcePool  - trace com.mchange.v2.resourcepool.BasicResourcePool@1399530 [managed: 2, unused: 1, excluded: 0] (e.g. com.mchange.v2.c3p0.impl.NewPooledConnection@cac7fe)
2020-06-01 23:21:33,182 989    [r$PoolThread-#1] DEBUG resourcepool.BasicResourcePool  - trace com.mchange.v2.resourcepool.BasicResourcePool@1399530 [managed: 3, unused: 2, excluded: 0] (e.g. com.mchange.v2.c3p0.impl.NewPooledConnection@cac7fe)
2020-06-01 23:21:33,182 989    [r$PoolThread-#1] DEBUG resourcepool.BasicResourcePool  - decremented pending_acquires: 2
2020-06-01 23:21:33,182 989    [r$PoolThread-#0] DEBUG resourcepool.BasicResourcePool  - decremented pending_acquires: 1
2020-06-01 23:21:33,182 989    [           main] DEBUG resourcepool.BasicResourcePool  - trace com.mchange.v2.resourcepool.BasicResourcePool@1399530 [managed: 3, unused: 2, excluded: 0] (e.g. com.mchange.v2.c3p0.impl.NewPooledConnection@cac7fe)
2020-06-01 23:21:33,182 989    [r$PoolThread-#2] DEBUG resourcepool.BasicResourcePool  - decremented pending_acquires: 0
2020-06-01 23:21:33,245 1052   [           main] DEBUG resourcepool.BasicResourcePool  - trace com.mchange.v2.resourcepool.BasicResourcePool@1399530 [managed: 3, unused: 2, excluded: 0] (e.g. com.mchange.v2.c3p0.impl.NewPooledConnection@cac7fe)
2020-06-03 23:04:34,538 0      [           main] INFO         com.mchange.v2.log.MLog  - MLog clients using log4j logging.
2020-06-03 23:04:35,094 556    [           main] INFO  m.mchange.v2.c3p0.C3P0Registry  - Initializing c3p0-0.9.1.2 [built 21-May-2007 15:04:56; debug? true; trace: 10]
2020-06-03 23:04:35,112 574    [           main] DEBUG icPooledDataSourceManagerMBean  - MBean: com.mchange.v2.c3p0:type=PooledDataSource[1hge13baay1qp061snh2f6|1d90b9e] registered.
2020-06-03 23:04:35,236 698    [           main] DEBUG resourcepool.BasicResourcePool  - incremented pending_acquires: 1
2020-06-03 23:04:35,236 698    [           main] DEBUG resourcepool.BasicResourcePool  - incremented pending_acquires: 2
2020-06-03 23:04:35,236 698    [           main] DEBUG resourcepool.BasicResourcePool  - incremented pending_acquires: 3
2020-06-03 23:04:35,237 699    [           main] DEBUG resourcepool.BasicResourcePool  - com.mchange.v2.resourcepool.BasicResourcePool@1d4a5c2 config: [start -> 3; min -> 3; max -> 15; inc -> 3; num_acq_attempts -> 30; acq_attempt_delay -> 1000; check_idle_resources_delay -> 0; mox_resource_age -> 0; max_idle_time -> 0; excess_max_idle_time -> 0; destroy_unreturned_resc_time -> 0; expiration_enforcement_delay -> 0; break_on_acquisition_failure -> false; debug_store_checkout_exceptions -> false]
2020-06-03 23:04:35,237 699    [           main] INFO  l.AbstractPoolBackedDataSource  - Initializing c3p0 pool... com.mchange.v2.c3p0.ComboPooledDataSource [ acquireIncrement -> 3, acquireRetryAttempts -> 30, acquireRetryDelay -> 1000, autoCommitOnClose -> false, automaticTestTable -> null, breakAfterAcquireFailure -> false, checkoutTimeout -> 0, connectionCustomizerClassName -> null, connectionTesterClassName -> com.mchange.v2.c3p0.impl.DefaultConnectionTester, dataSourceName -> 1hge13baay1qp061snh2f6|1d90b9e, debugUnreturnedConnectionStackTraces -> false, description -> null, driverClass -> com.mysql.jdbc.Driver, factoryClassLocation -> null, forceIgnoreUnresolvedTransactions -> false, identityToken -> 1hge13baay1qp061snh2f6|1d90b9e, idleConnectionTestPeriod -> 0, initialPoolSize -> 3, jdbcUrl -> jdbc:mysql://localhost:3306/tasklist, maxAdministrativeTaskTime -> 0, maxConnectionAge -> 0, maxIdleTime -> 0, maxIdleTimeExcessConnections -> 0, maxPoolSize -> 15, maxStatements -> 0, maxStatementsPerConnection -> 0, minPoolSize -> 3, numHelperThreads -> 3, numThreadsAwaitingCheckoutDefaultUser -> 0, preferredTestQuery -> null, properties -> {user=******, password=******}, propertyCycle -> 0, testConnectionOnCheckin -> false, testConnectionOnCheckout -> false, unreturnedConnectionTimeout -> 0, usesTraditionalReflectiveProxies -> false ]
2020-06-03 23:04:35,237 699    [           main] DEBUG resourcepool.BasicResourcePool  - acquire test -- pool size: 0; target_pool_size: 3; desired target? 1
2020-06-03 23:04:35,237 699    [           main] DEBUG resourcepool.BasicResourcePool  - awaitAvailable(): [unknown]
2020-06-03 23:04:35,238 700    [           main] DEBUG resourcepool.BasicResourcePool  - trace com.mchange.v2.resourcepool.BasicResourcePool@1d4a5c2 [managed: 0, unused: 0, excluded: 0]
2020-06-03 23:04:35,512 974    [r$PoolThread-#1] DEBUG .impl.C3P0PooledConnectionPool  - com.mchange.v2.c3p0.impl.C3P0PooledConnectionPool$1PooledConnectionResourcePoolManager@1047bb3.acquireResource() returning. 
2020-06-03 23:04:35,512 974    [r$PoolThread-#1] DEBUG resourcepool.BasicResourcePool  - trace com.mchange.v2.resourcepool.BasicResourcePool@1d4a5c2 [managed: 1, unused: 1, excluded: 0]
2020-06-03 23:04:35,512 974    [r$PoolThread-#1] DEBUG resourcepool.BasicResourcePool  - decremented pending_acquires: 2
2020-06-03 23:04:35,513 975    [r$PoolThread-#0] DEBUG .impl.C3P0PooledConnectionPool  - com.mchange.v2.c3p0.impl.C3P0PooledConnectionPool$1PooledConnectionResourcePoolManager@1047bb3.acquireResource() returning. 
2020-06-03 23:04:35,513 975    [r$PoolThread-#0] DEBUG resourcepool.BasicResourcePool  - trace com.mchange.v2.resourcepool.BasicResourcePool@1d4a5c2 [managed: 2, unused: 2, excluded: 0] (e.g. com.mchange.v2.c3p0.impl.NewPooledConnection@106ca76)
2020-06-03 23:04:35,513 975    [r$PoolThread-#0] DEBUG resourcepool.BasicResourcePool  - decremented pending_acquires: 1
2020-06-03 23:04:35,513 975    [r$PoolThread-#2] DEBUG .impl.C3P0PooledConnectionPool  - com.mchange.v2.c3p0.impl.C3P0PooledConnectionPool$1PooledConnectionResourcePoolManager@1047bb3.acquireResource() returning. 
2020-06-03 23:04:35,513 975    [r$PoolThread-#2] DEBUG resourcepool.BasicResourcePool  - trace com.mchange.v2.resourcepool.BasicResourcePool@1d4a5c2 [managed: 3, unused: 3, excluded: 0] (e.g. com.mchange.v2.c3p0.impl.NewPooledConnection@106ca76)
2020-06-03 23:04:35,514 976    [r$PoolThread-#2] DEBUG resourcepool.BasicResourcePool  - decremented pending_acquires: 0
2020-06-03 23:04:35,514 976    [           main] DEBUG resourcepool.BasicResourcePool  - trace com.mchange.v2.resourcepool.BasicResourcePool@1d4a5c2 [managed: 3, unused: 2, excluded: 0] (e.g. com.mchange.v2.c3p0.impl.NewPooledConnection@106ca76)
2020-06-03 23:04:35,565 1027   [           main] DEBUG resourcepool.BasicResourcePool  - trace com.mchange.v2.resourcepool.BasicResourcePool@1d4a5c2 [managed: 3, unused: 2, excluded: 0] (e.g. com.mchange.v2.c3p0.impl.NewPooledConnection@106ca76)
